0 info it worked if it ends with ok
1 verbose cli [ 'C:\\Program Files\\nodejs\\node.exe',
1 verbose cli   'C:\\Users\\DELL\\AppData\\Roaming\\npm\\node_modules\\npm\\bin\\npm-cli.js',
1 verbose cli   'run',
1 verbose cli   'start' ]
2 info using npm@4.0.5
3 info using node@v8.9.1
4 verbose run-script [ 'prestart', 'start', 'poststart' ]
5 info lifecycle vue-note@1.0.0~prestart: vue-note@1.0.0
6 silly lifecycle vue-note@1.0.0~prestart: no script for prestart, continuing
7 info lifecycle vue-note@1.0.0~start: vue-note@1.0.0
8 verbose lifecycle vue-note@1.0.0~start: unsafe-perm in lifecycle true
9 verbose lifecycle vue-note@1.0.0~start: PATH: C:\Users\DELL\AppData\Roaming\npm\node_modules\npm\bin\node-gyp-bin;C:\Users\DELL\Desktop\vue-note\node_modules\.bin;D:\Software\cmder\bin;D:\Software\cmder\vendor\conemu-maximus5\ConEmu\Scripts;D:\Software\cmder\vendor\conemu-maximus5;D:\Software\cmder\vendor\conemu-maximus5\ConEmu;C:\ProgramData\Oracle\Java\javapath;C:\Ruby21-x64\bin;E:\Java\jdk1.7.0_67\bin;C:\Program Files (x86)\Common Files\NetSarang;E:\ruby\Ruby193\bin;C:\Program Files (x86)\Intel\iCLS Client\;C:\Program Files\Intel\iCLS Client\;C:\Windows\system32;C:\Windows;C:\Windows\System32\Wbem;C:\Windows\System32\WindowsPowerShell\v1.0\;C:\Program Files\Intel\Intel(R) Management Engine Components\DAL;C:\Program Files\Intel\Intel(R) Management Engine Components\IPT;C:\Program Files (x86)\Intel\Intel(R) Management Engine Components\DAL;C:\Program Files (x86)\Intel\Intel(R) Management Engine Components\IPT;C:\Program Files (x86)\ATI Technologies\ATI.ACE\Core-Static;C:\Ruby193\bin;C:\Python33;C:\Users\DELL\AppData\Roaming\npm\node_modules\yo;C:\Program Files (x86)\AMD\ATI.ACE\Core-Static;D:\Software\TortoiseSvn\bin;D:\apache-maven-3.0.4\bin;D:\Software\cmder;C:\Program Files\nodejs\;D:\Program Files\Git\cmd;D:\Program Files\Java\jdk1.8.0_161\bin;C:\Program Files\nodejs\;C:\Users\DELL\AppData\Roaming\npm\node_modules\yo;C:\Python27;E:\Git\Git\bin;E:\Git\Git\cmd;C:\Program Files\mongodb\bin;C:\Users\DELL\AppData\Local\atom\bin;C:\Program Files (x86)\CVSNT\;D:\Program Files (x86)\Microsoft VS Code\bin;C:\Users\DELL\AppData\Roaming\npm;D:\Software\cmder
10 verbose lifecycle vue-note@1.0.0~start: CWD: C:\Users\DELL\Desktop\vue-note
11 silly lifecycle vue-note@1.0.0~start: Args: [ '/d /s /c',
11 silly lifecycle   'browser-sync start --server --no-notify --files=\'index.html, *.css, *js\'' ]
12 silly lifecycle vue-note@1.0.0~start: Returned: code: 3221225495  signal: null
13 info lifecycle vue-note@1.0.0~start: Failed to exec start script
14 verbose stack Error: vue-note@1.0.0 start: `browser-sync start --server --no-notify --files='index.html, *.css, *js'`
14 verbose stack Exit status 3221225495
14 verbose stack     at EventEmitter.<anonymous> (C:\Users\DELL\AppData\Roaming\npm\node_modules\npm\lib\utils\lifecycle.js:279:16)
14 verbose stack     at emitTwo (events.js:126:13)
14 verbose stack     at EventEmitter.emit (events.js:214:7)
14 verbose stack     at ChildProcess.<anonymous> (C:\Users\DELL\AppData\Roaming\npm\node_modules\npm\lib\utils\spawn.js:40:14)
14 verbose stack     at emitTwo (events.js:126:13)
14 verbose stack     at ChildProcess.emit (events.js:214:7)
14 verbose stack     at maybeClose (internal/child_process.js:925:16)
14 verbose stack     at Process.ChildProcess._handle.onexit (internal/child_process.js:209:5)
15 verbose pkgid vue-note@1.0.0
16 verbose cwd C:\Users\DELL\Desktop\vue-note
17 error Windows_NT 6.1.7601
18 error argv "C:\\Program Files\\nodejs\\node.exe" "C:\\Users\\DELL\\AppData\\Roaming\\npm\\node_modules\\npm\\bin\\npm-cli.js" "run" "start"
19 error node v8.9.1
20 error npm  v4.0.5
21 error code ELIFECYCLE
22 error vue-note@1.0.0 start: `browser-sync start --server --no-notify --files='index.html, *.css, *js'`
22 error Exit status 3221225495
23 error Failed at the vue-note@1.0.0 start script 'browser-sync start --server --no-notify --files='index.html, *.css, *js''.
23 error Make sure you have the latest version of node.js and npm installed.
23 error If you do, this is most likely a problem with the vue-note package,
23 error not with npm itself.
23 error Tell the author that this fails on your system:
23 error     browser-sync start --server --no-notify --files='index.html, *.css, *js'
23 error You can get information on how to open an issue for this project with:
23 error     npm bugs vue-note
23 error Or if that isn't available, you can get their info via:
23 error     npm owner ls vue-note
23 error There is likely additional logging output above.
24 verbose exit [ 1, true ]
