0 info it worked if it ends with ok
1 verbose cli [ 'C:\\Program Files\\nodejs\\node.exe',
1 verbose cli   'C:\\Users\\DELL\\AppData\\Roaming\\npm\\node_modules\\npm\\bin\\npm-cli.js',
1 verbose cli   'run',
1 verbose cli   'build' ]
2 info using npm@4.0.5
3 info using node@v8.9.1
4 verbose run-script [ 'prebuild', 'build', 'postbuild' ]
5 info lifecycle react-cnode@1.0.0~prebuild: react-cnode@1.0.0
6 silly lifecycle react-cnode@1.0.0~prebuild: no script for prebuild, continuing
7 info lifecycle react-cnode@1.0.0~build: react-cnode@1.0.0
8 verbose lifecycle react-cnode@1.0.0~build: unsafe-perm in lifecycle true
9 verbose lifecycle react-cnode@1.0.0~build: PATH: C:\Users\DELL\AppData\Roaming\npm\node_modules\npm\bin\node-gyp-bin;E:\Imooc\blog\react-cnode\node_modules\.bin;D:\Software\cmder\bin;D:\Software\cmder\vendor\conemu-maximus5\ConEmu\Scripts;D:\Software\cmder\vendor\conemu-maximus5;D:\Software\cmder\vendor\conemu-maximus5\ConEmu;C:\ProgramData\Oracle\Java\javapath;C:\Ruby21-x64\bin;E:\Java\jdk1.7.0_67\bin;C:\Program Files (x86)\Common Files\NetSarang;E:\ruby\Ruby193\bin;C:\Program Files (x86)\Intel\iCLS Client\;C:\Program Files\Intel\iCLS Client\;C:\Windows\system32;C:\Windows;C:\Windows\System32\Wbem;C:\Windows\System32\WindowsPowerShell\v1.0\;C:\Program Files\Intel\Intel(R) Management Engine Components\DAL;C:\Program Files\Intel\Intel(R) Management Engine Components\IPT;C:\Program Files (x86)\Intel\Intel(R) Management Engine Components\DAL;C:\Program Files (x86)\Intel\Intel(R) Management Engine Components\IPT;C:\Program Files (x86)\ATI Technologies\ATI.ACE\Core-Static;C:\Ruby193\bin;C:\Python33;C:\Users\DELL\AppData\Roaming\npm\node_modules\yo;C:\Program Files (x86)\AMD\ATI.ACE\Core-Static;D:\Software\TortoiseSvn\bin;D:\apache-maven-3.0.4\bin;D:\Software\cmder;C:\Program Files\nodejs\;D:\Program Files\Git\cmd;D:\Program Files\Java\jdk1.8.0_161\bin;C:\Program Files\nodejs\;C:\Users\DELL\AppData\Roaming\npm\node_modules\yo;C:\Python27;E:\Git\Git\bin;E:\Git\Git\cmd;C:\Program Files\mongodb\bin;C:\Users\DELL\AppData\Local\atom\bin;C:\Program Files (x86)\CVSNT\;D:\Program Files (x86)\Microsoft VS Code\bin;C:\Users\DELL\AppData\Roaming\npm;D:\Software\cmder
10 verbose lifecycle react-cnode@1.0.0~build: CWD: E:\Imooc\blog\react-cnode
11 silly lifecycle react-cnode@1.0.0~build: Args: [ '/d /s /c', 'webpack --config build/webpack.config.js' ]
12 silly lifecycle react-cnode@1.0.0~build: Returned: code: 2  signal: null
13 info lifecycle react-cnode@1.0.0~build: Failed to exec build script
14 verbose stack Error: react-cnode@1.0.0 build: `webpack --config build/webpack.config.js`
14 verbose stack Exit status 2
14 verbose stack     at EventEmitter.<anonymous> (C:\Users\DELL\AppData\Roaming\npm\node_modules\npm\lib\utils\lifecycle.js:279:16)
14 verbose stack     at emitTwo (events.js:126:13)
14 verbose stack     at EventEmitter.emit (events.js:214:7)
14 verbose stack     at ChildProcess.<anonymous> (C:\Users\DELL\AppData\Roaming\npm\node_modules\npm\lib\utils\spawn.js:40:14)
14 verbose stack     at emitTwo (events.js:126:13)
14 verbose stack     at ChildProcess.emit (events.js:214:7)
14 verbose stack     at maybeClose (internal/child_process.js:925:16)
14 verbose stack     at Process.ChildProcess._handle.onexit (internal/child_process.js:209:5)
15 verbose pkgid react-cnode@1.0.0
16 verbose cwd E:\Imooc\blog\react-cnode
17 error Windows_NT 6.1.7601
18 error argv "C:\\Program Files\\nodejs\\node.exe" "C:\\Users\\DELL\\AppData\\Roaming\\npm\\node_modules\\npm\\bin\\npm-cli.js" "run" "build"
19 error node v8.9.1
20 error npm  v4.0.5
21 error code ELIFECYCLE
22 error react-cnode@1.0.0 build: `webpack --config build/webpack.config.js`
22 error Exit status 2
23 error Failed at the react-cnode@1.0.0 build script 'webpack --config build/webpack.config.js'.
23 error Make sure you have the latest version of node.js and npm installed.
23 error If you do, this is most likely a problem with the react-cnode package,
23 error not with npm itself.
23 error Tell the author that this fails on your system:
23 error     webpack --config build/webpack.config.js
23 error You can get information on how to open an issue for this project with:
23 error     npm bugs react-cnode
23 error Or if that isn't available, you can get their info via:
23 error     npm owner ls react-cnode
23 error There is likely additional logging output above.
24 verbose exit [ 1, true ]
